<?xml version="1.0" encoding="UTF-8"?>
<!-- Generated by org.testng.reporters.JUnitReportReporter -->
<testsuite skipped="0" hostname="Amiruls-MacBook-Pro.local" name="TastCasePackageAdvance.T002_Login_And_Purchase" tests="2" failures="0" timestamp="2022-07-14T19:40:48 BDT" time="187.718" errors="0">
  <testcase name="loginAndPurchase" time="88.184" classname="TastCasePackageAdvance.T002_Login_And_Purchase"/>
  <system-out/>
  <testcase name="loginAndPurchase" time="99.534" classname="TastCasePackageAdvance.T002_Login_And_Purchase"/>
  <system-out/>
</testsuite> <!-- TastCasePackageAdvance.T002_Login_And_Purchase -->
