<?xml version="1.0" encoding="UTF-8"?>
<!-- Generated by org.testng.reporters.JUnitReportReporter -->
<testsuite hostname="Amiruls-MacBook-Pro.local" failures="0" tests="1" name="TastCasePackageAdvance.TC001_GooglePageClick" time="7.651" errors="0" timestamp="2022-06-01T21:00:44 BDT" skipped="0">
  <testcase classname="TastCasePackageAdvance.TC001_GooglePageClick" name="searchByButtonClick" time="7.651"/>
  <system-out/>
</testsuite> <!-- TastCasePackageAdvance.TC001_GooglePageClick -->
