<?xml version="1.0" encoding="UTF-8"?>
<!-- Generated by org.testng.reporters.JUnitReportReporter -->
<testsuite hostname="Amiruls-MacBook-Pro.local" failures="0" tests="1" name="driverPackage.BaseDriver" time="2.553" errors="0" timestamp="2022-05-25T17:39:08 BDT" skipped="0">
  <testcase classname="driverPackage.BaseDriver" name="goToAd" time="2.553"/>
  <system-out/>
</testsuite> <!-- driverPackage.BaseDriver -->
